<?xml version="1.0" encoding="UTF-8"?>
<!-- Generated by org.testng.reporters.JUnitXMLReporter -->
<testsuite hostname="LAPTOP-AS8JDII6" ignored="0" name="Test" tests="3" failures="1" timestamp="15 Dec 2019 07:31:24 GMT" time="81.175" errors="0">
  <testcase name="DPR_ADV_001" time="70.208" classname="com.testcases.DPR_ADV_001_Test"/>
  <testcase name="DPR_ADV_002" time="4.385" classname="com.testcases.DPR_ADV_002_Test">
    <failure type="java.lang.AssertionError" message="expected [http://havasdpr-dev.bytetale.com/#/advertiser/listadvertiser] but found [http://havasdpr-dev.bytetale.com/#/dprdashboard]">
      <![CDATA[java.lang.AssertionError: expected [http://havasdpr-dev.bytetale.com/#/advertiser/listadvertiser] but found [http://havasdpr-dev.bytetale.com/#/dprdashboard]
at com.testcases.DPR_ADV_002_Test.DPR_ADV_002(DPR_ADV_002_Test.java:20)
... Removed 31 stack frames]]>
    </failure>
  </testcase> <!-- DPR_ADV_002 -->
  <testcase name="DPR_ADV__009" time="6.374" classname="com.testcases.DPR_ADV_009_Test"/>
</testsuite> <!-- Test -->
