<?xml version="1.0" encoding="UTF-8"?>
<!-- Generated by org.testng.reporters.JUnitXMLReporter -->
<testsuite hostname="LAPTOP-AS8JDII6" ignored="0" name="Test" tests="3" failures="0" timestamp="10 Dec 2019 09:49:38 GMT" time="77.612" errors="0">
  <testcase name="DPR_ADV_001" time="73.21" classname="com.testcases.DPR_ADV_001_Test"/>
  <testcase name="DPR_ADV_002" time="3.118" classname="com.testcases.DPR_ADV_002_Test"/>
  <testcase name="DPR_ADV_006" time="1.159" classname="com.testcases.DPR_ADV_006_Test"/>
</testsuite> <!-- Test -->
