<?xml version="1.0" encoding="UTF-8"?>
<testng-results skipped="0" failed="0" ignored="0" total="4" passed="4">
  <reporter-output>
  </reporter-output>
  <suite name="Suite" duration-ms="103560" started-at="2019-12-06T17:19:50Z" finished-at="2019-12-06T17:21:34Z">
    <groups>
    </groups>
    <test name="Test" duration-ms="103560" started-at="2019-12-06T17:19:50Z" finished-at="2019-12-06T17:21:34Z">
      <class name="com.testcases.DPR_ADV_004_Test">
        <test-method status="PASS" signature="DPR_ADV_004()[pri:0, instance:com.testcases.DPR_ADV_004_Test@6cc4c815]" name="DPR_ADV_004" duration-ms="12317" started-at="2019-12-06T17:21:22Z" finished-at="2019-12-06T17:21:34Z">
          <reporter-output>
          </reporter-output>
        </test-method> <!-- DPR_ADV_004 -->
      </class> <!-- com.testcases.DPR_ADV_004_Test -->
      <class name="com.testcases.DPR_ADV_003_Test">
        <test-method status="PASS" signature="DPR_ADV_003()[pri:0, instance:com.testcases.DPR_ADV_003_Test@56f4468b]" name="DPR_ADV_003" duration-ms="18798" started-at="2019-12-06T17:21:03Z" finished-at="2019-12-06T17:21:22Z">
          <reporter-output>
          </reporter-output>
        </test-method> <!-- DPR_ADV_003 -->
      </class> <!-- com.testcases.DPR_ADV_003_Test -->
      <class name="com.testcases.DPR_ADV_002_Test">
        <test-method status="PASS" signature="DPR_ADV_002()[pri:0, instance:com.testcases.DPR_ADV_002_Test@5d5eef3d]" name="DPR_ADV_002" duration-ms="3474" started-at="2019-12-06T17:20:59Z" finished-at="2019-12-06T17:21:03Z">
          <reporter-output>
          </reporter-output>
        </test-method> <!-- DPR_ADV_002 -->
      </class> <!-- com.testcases.DPR_ADV_002_Test -->
      <class name="com.testcases.DPR_ADV_001_Test">
        <test-method status="PASS" signature="DPR_ADV_001()[pri:0, instance:com.testcases.DPR_ADV_001_Test@23ceabc1]" name="DPR_ADV_001" duration-ms="68871" started-at="2019-12-06T17:19:50Z" finished-at="2019-12-06T17:20:59Z">
          <reporter-output>
          </reporter-output>
        </test-method> <!-- DPR_ADV_001 -->
      </class> <!-- com.testcases.DPR_ADV_001_Test -->
    </test> <!-- Test -->
  </suite> <!-- Suite -->
</testng-results>
